{"/home/zeynel/Bureau/ensimag/web_project/climbing_app_amelie_lay_zeynel_altun/frontend/src/ClimbPage.jsx": {"path":"/home/zeynel/Bureau/ensimag/web_project/climbing_app_amelie_lay_zeynel_altun/frontend/src/ClimbPage.jsx","statementMap":{"0":{"start":{"line":10,"column":36},"end":{"line":10,"column":49}},"1":{"start":{"line":11,"column":36},"end":{"line":11,"column":59}},"2":{"start":{"line":13,"column":2},"end":{"line":15,"column":3}},"3":{"start":{"line":14,"column":4},"end":{"line":14,"column":33}},"4":{"start":{"line":17,"column":26},"end":{"line":19,"column":3}},"5":{"start":{"line":18,"column":4},"end":{"line":18,"column":22}},"6":{"start":{"line":21,"column":2},"end":{"line":73,"column":4}},"7":{"start":{"line":29,"column":27},"end":{"line":29,"column":57}},"8":{"start":{"line":35,"column":27},"end":{"line":35,"column":58}},"9":{"start":{"line":41,"column":27},"end":{"line":41,"column":53}},"10":{"start":{"line":47,"column":27},"end":{"line":47,"column":50}}},"fnMap":{"0":{"name":"ClimbPage","decl":{"start":{"line":9,"column":9},"end":{"line":9,"column":18}},"loc":{"start":{"line":9,"column":21},"end":{"line":74,"column":1}},"line":9},"1":{"name":"(anonymous_1)","decl":{"start":{"line":17,"column":26},"end":{"line":17,"column":27}},"loc":{"start":{"line":17,"column":35},"end":{"line":19,"column":3}},"line":17},"2":{"name":"(anonymous_2)","decl":{"start":{"line":29,"column":21},"end":{"line":29,"column":22}},"loc":{"start":{"line":29,"column":27},"end":{"line":29,"column":57}},"line":29},"3":{"name":"(anonymous_3)","decl":{"start":{"line":35,"column":21},"end":{"line":35,"column":22}},"loc":{"start":{"line":35,"column":27},"end":{"line":35,"column":58}},"line":35},"4":{"name":"(anonymous_4)","decl":{"start":{"line":41,"column":21},"end":{"line":41,"column":22}},"loc":{"start":{"line":41,"column":27},"end":{"line":41,"column":53}},"line":41},"5":{"name":"(anonymous_5)","decl":{"start":{"line":47,"column":21},"end":{"line":47,"column":22}},"loc":{"start":{"line":47,"column":27},"end":{"line":47,"column":50}},"line":47}},"branchMap":{"0":{"loc":{"start":{"line":13,"column":2},"end":{"line":15,"column":3}},"type":"if","locations":[{"start":{"line":13,"column":2},"end":{"line":15,"column":3}},{"start":{},"end":{}}],"line":13},"1":{"loc":{"start":{"line":22,"column":4},"end":{"line":72,"column":5}},"type":"binary-expr","locations":[{"start":{"line":22,"column":4},"end":{"line":22,"column":26}},{"start":{"line":23,"column":6},"end":{"line":71,"column":12}}],"line":22},"2":{"loc":{"start":{"line":28,"column":23},"end":{"line":28,"column":66}},"type":"cond-expr","locations":[{"start":{"line":28,"column":53},"end":{"line":28,"column":61}},{"start":{"line":28,"column":64},"end":{"line":28,"column":66}}],"line":28},"3":{"loc":{"start":{"line":34,"column":23},"end":{"line":34,"column":67}},"type":"cond-expr","locations":[{"start":{"line":34,"column":54},"end":{"line":34,"column":62}},{"start":{"line":34,"column":65},"end":{"line":34,"column":67}}],"line":34},"4":{"loc":{"start":{"line":40,"column":23},"end":{"line":40,"column":62}},"type":"cond-expr","locations":[{"start":{"line":40,"column":49},"end":{"line":40,"column":57}},{"start":{"line":40,"column":60},"end":{"line":40,"column":62}}],"line":40},"5":{"loc":{"start":{"line":46,"column":23},"end":{"line":46,"column":59}},"type":"cond-expr","locations":[{"start":{"line":46,"column":46},"end":{"line":46,"column":54}},{"start":{"line":46,"column":57},"end":{"line":46,"column":59}}],"line":46},"6":{"loc":{"start":{"line":54,"column":11},"end":{"line":56,"column":11}},"type":"binary-expr","locations":[{"start":{"line":54,"column":11},"end":{"line":54,"column":38}},{"start":{"line":55,"column":12},"end":{"line":55,"column":62}}],"line":54},"7":{"loc":{"start":{"line":57,"column":11},"end":{"line":59,"column":11}},"type":"binary-expr","locations":[{"start":{"line":57,"column":11},"end":{"line":57,"column":39}},{"start":{"line":58,"column":12},"end":{"line":58,"column":63}}],"line":57},"8":{"loc":{"start":{"line":60,"column":11},"end":{"line":62,"column":11}},"type":"binary-expr","locations":[{"start":{"line":60,"column":11},"end":{"line":60,"column":34}},{"start":{"line":61,"column":12},"end":{"line":61,"column":65}}],"line":60}},"s":{"0":6,"1":6,"2":6,"3":1,"4":5,"5":2,"6":5,"7":0,"8":1,"9":1,"10":0},"f":{"0":6,"1":2,"2":0,"3":1,"4":1,"5":0},"b":{"0":[1,5],"1":[5,5],"2":[3,2],"3":[1,4],"4":[1,4],"5":[0,5],"6":[5,3],"7":[5,1],"8":[5,1]},"_coverageSchema":"1a1c01bbd47fc00a2c39e90264f33305004495a9","hash":"827a5d981e90879f06eb1cd615ec0307003636b4"}
,"/home/zeynel/Bureau/ensimag/web_project/climbing_app_amelie_lay_zeynel_altun/frontend/src/components/GoalSubmission.jsx": {"path":"/home/zeynel/Bureau/ensimag/web_project/climbing_app_amelie_lay_zeynel_altun/frontend/src/components/GoalSubmission.jsx","statementMap":{"0":{"start":{"line":5,"column":23},"end":{"line":66,"column":1}},"1":{"start":{"line":6,"column":26},"end":{"line":6,"column":38}},"2":{"start":{"line":7,"column":34},"end":{"line":7,"column":46}},"3":{"start":{"line":8,"column":30},"end":{"line":8,"column":42}},"4":{"start":{"line":10,"column":23},"end":{"line":26,"column":3}},"5":{"start":{"line":11,"column":4},"end":{"line":11,"column":23}},"6":{"start":{"line":12,"column":4},"end":{"line":25,"column":5}},"7":{"start":{"line":13,"column":23},"end":{"line":18,"column":8}},"8":{"start":{"line":19,"column":6},"end":{"line":19,"column":37}},"9":{"start":{"line":20,"column":6},"end":{"line":20,"column":18}},"10":{"start":{"line":21,"column":6},"end":{"line":21,"column":22}},"11":{"start":{"line":22,"column":6},"end":{"line":22,"column":20}},"12":{"start":{"line":24,"column":6},"end":{"line":24,"column":61}},"13":{"start":{"line":28,"column":2},"end":{"line":65,"column":4}},"14":{"start":{"line":38,"column":29},"end":{"line":38,"column":52}},"15":{"start":{"line":48,"column":29},"end":{"line":48,"column":56}},"16":{"start":{"line":58,"column":29},"end":{"line":58,"column":54}}},"fnMap":{"0":{"name":"(anonymous_0)","decl":{"start":{"line":5,"column":23},"end":{"line":5,"column":24}},"loc":{"start":{"line":5,"column":57},"end":{"line":66,"column":1}},"line":5},"1":{"name":"(anonymous_1)","decl":{"start":{"line":10,"column":23},"end":{"line":10,"column":24}},"loc":{"start":{"line":10,"column":36},"end":{"line":26,"column":3}},"line":10},"2":{"name":"(anonymous_2)","decl":{"start":{"line":38,"column":22},"end":{"line":38,"column":23}},"loc":{"start":{"line":38,"column":29},"end":{"line":38,"column":52}},"line":38},"3":{"name":"(anonymous_3)","decl":{"start":{"line":48,"column":22},"end":{"line":48,"column":23}},"loc":{"start":{"line":48,"column":29},"end":{"line":48,"column":56}},"line":48},"4":{"name":"(anonymous_4)","decl":{"start":{"line":58,"column":22},"end":{"line":58,"column":23}},"loc":{"start":{"line":58,"column":29},"end":{"line":58,"column":54}},"line":58}},"branchMap":{},"s":{"0":1,"1":6,"2":6,"3":6,"4":6,"5":1,"6":1,"7":1,"8":1,"9":1,"10":1,"11":1,"12":0,"13":6,"14":1,"15":1,"16":1},"f":{"0":6,"1":1,"2":1,"3":1,"4":1},"b":{},"_coverageSchema":"1a1c01bbd47fc00a2c39e90264f33305004495a9","hash":"ea72ce9cf162f2db7213ee021608cc9e454ffc47"}
,"/home/zeynel/Bureau/ensimag/web_project/climbing_app_amelie_lay_zeynel_altun/frontend/src/components/PostPerformance.jsx": {"path":"/home/zeynel/Bureau/ensimag/web_project/climbing_app_amelie_lay_zeynel_altun/frontend/src/components/PostPerformance.jsx","statementMap":{"0":{"start":{"line":8,"column":28},"end":{"line":8,"column":42}},"1":{"start":{"line":9,"column":34},"end":{"line":9,"column":48}},"2":{"start":{"line":10,"column":36},"end":{"line":10,"column":48}},"3":{"start":{"line":11,"column":38},"end":{"line":11,"column":49}},"4":{"start":{"line":12,"column":44},"end":{"line":12,"column":56}},"5":{"start":{"line":13,"column":26},"end":{"line":25,"column":5}},"6":{"start":{"line":14,"column":8},"end":{"line":24,"column":9}},"7":{"start":{"line":15,"column":27},"end":{"line":15,"column":160}},"8":{"start":{"line":16,"column":10},"end":{"line":21,"column":11}},"9":{"start":{"line":17,"column":25},"end":{"line":17,"column":46}},"10":{"start":{"line":18,"column":12},"end":{"line":18,"column":30}},"11":{"start":{"line":20,"column":12},"end":{"line":20,"column":67}},"12":{"start":{"line":23,"column":10},"end":{"line":23,"column":59}},"13":{"start":{"line":27,"column":4},"end":{"line":72,"column":43}},"14":{"start":{"line":28,"column":26},"end":{"line":38,"column":9}},"15":{"start":{"line":29,"column":10},"end":{"line":37,"column":11}},"16":{"start":{"line":30,"column":29},"end":{"line":30,"column":165}},"17":{"start":{"line":31,"column":12},"end":{"line":34,"column":13}},"18":{"start":{"line":32,"column":27},"end":{"line":32,"column":48}},"19":{"start":{"line":33,"column":14},"end":{"line":33,"column":37}},"20":{"start":{"line":36,"column":12},"end":{"line":36,"column":63}},"21":{"start":{"line":40,"column":29},"end":{"line":50,"column":9}},"22":{"start":{"line":41,"column":10},"end":{"line":49,"column":11}},"23":{"start":{"line":42,"column":29},"end":{"line":42,"column":177}},"24":{"start":{"line":43,"column":12},"end":{"line":46,"column":13}},"25":{"start":{"line":44,"column":27},"end":{"line":44,"column":48}},"26":{"start":{"line":45,"column":14},"end":{"line":45,"column":37}},"27":{"start":{"line":48,"column":12},"end":{"line":48,"column":63}},"28":{"start":{"line":52,"column":31},"end":{"line":62,"column":9}},"29":{"start":{"line":53,"column":10},"end":{"line":61,"column":11}},"30":{"start":{"line":54,"column":29},"end":{"line":54,"column":165}},"31":{"start":{"line":55,"column":12},"end":{"line":58,"column":13}},"32":{"start":{"line":56,"column":27},"end":{"line":56,"column":48}},"33":{"start":{"line":57,"column":14},"end":{"line":57,"column":39}},"34":{"start":{"line":60,"column":12},"end":{"line":60,"column":57}},"35":{"start":{"line":64,"column":27},"end":{"line":69,"column":9}},"36":{"start":{"line":65,"column":10},"end":{"line":65,"column":28}},"37":{"start":{"line":66,"column":10},"end":{"line":66,"column":31}},"38":{"start":{"line":67,"column":10},"end":{"line":67,"column":33}},"39":{"start":{"line":68,"column":10},"end":{"line":68,"column":32}},"40":{"start":{"line":71,"column":8},"end":{"line":71,"column":21}},"41":{"start":{"line":75,"column":34},"end":{"line":103,"column":7}},"42":{"start":{"line":76,"column":8},"end":{"line":76,"column":41}},"43":{"start":{"line":76,"column":34},"end":{"line":76,"column":41}},"44":{"start":{"line":78,"column":8},"end":{"line":102,"column":9}},"45":{"start":{"line":79,"column":27},"end":{"line":88,"column":12}},"46":{"start":{"line":90,"column":10},"end":{"line":99,"column":11}},"47":{"start":{"line":91,"column":31},"end":{"line":91,"column":52}},"48":{"start":{"line":92,"column":12},"end":{"line":92,"column":60}},"49":{"start":{"line":93,"column":12},"end":{"line":93,"column":32}},"50":{"start":{"line":96,"column":12},"end":{"line":96,"column":28}},"51":{"start":{"line":98,"column":12},"end":{"line":98,"column":67}},"52":{"start":{"line":101,"column":10},"end":{"line":101,"column":50}},"53":{"start":{"line":105,"column":23},"end":{"line":122,"column":5}},"54":{"start":{"line":106,"column":8},"end":{"line":121,"column":9}},"55":{"start":{"line":107,"column":27},"end":{"line":107,"column":54}},"56":{"start":{"line":108,"column":29},"end":{"line":110,"column":14}},"57":{"start":{"line":112,"column":12},"end":{"line":118,"column":13}},"58":{"start":{"line":113,"column":16},"end":{"line":113,"column":59}},"59":{"start":{"line":114,"column":16},"end":{"line":114,"column":37}},"60":{"start":{"line":115,"column":16},"end":{"line":115,"column":68}},"61":{"start":{"line":115,"column":37},"end":{"line":115,"column":66}},"62":{"start":{"line":117,"column":16},"end":{"line":117,"column":56}},"63":{"start":{"line":120,"column":12},"end":{"line":120,"column":62}},"64":{"start":{"line":124,"column":4},"end":{"line":171,"column":6}},"65":{"start":{"line":154,"column":28},"end":{"line":154,"column":66}},"66":{"start":{"line":166,"column":37},"end":{"line":166,"column":68}}},"fnMap":{"0":{"name":"PostPerformance","decl":{"start":{"line":7,"column":24},"end":{"line":7,"column":39}},"loc":{"start":{"line":7,"column":89},"end":{"line":172,"column":1}},"line":7},"1":{"name":"(anonymous_1)","decl":{"start":{"line":13,"column":26},"end":{"line":13,"column":27}},"loc":{"start":{"line":13,"column":38},"end":{"line":25,"column":5}},"line":13},"2":{"name":"(anonymous_2)","decl":{"start":{"line":27,"column":14},"end":{"line":27,"column":15}},"loc":{"start":{"line":27,"column":20},"end":{"line":72,"column":7}},"line":27},"3":{"name":"(anonymous_3)","decl":{"start":{"line":28,"column":26},"end":{"line":28,"column":27}},"loc":{"start":{"line":28,"column":38},"end":{"line":38,"column":9}},"line":28},"4":{"name":"(anonymous_4)","decl":{"start":{"line":40,"column":29},"end":{"line":40,"column":30}},"loc":{"start":{"line":40,"column":41},"end":{"line":50,"column":9}},"line":40},"5":{"name":"(anonymous_5)","decl":{"start":{"line":52,"column":31},"end":{"line":52,"column":32}},"loc":{"start":{"line":52,"column":43},"end":{"line":62,"column":9}},"line":52},"6":{"name":"(anonymous_6)","decl":{"start":{"line":64,"column":27},"end":{"line":64,"column":28}},"loc":{"start":{"line":64,"column":39},"end":{"line":69,"column":9}},"line":64},"7":{"name":"(anonymous_7)","decl":{"start":{"line":75,"column":34},"end":{"line":75,"column":35}},"loc":{"start":{"line":75,"column":46},"end":{"line":103,"column":7}},"line":75},"8":{"name":"(anonymous_8)","decl":{"start":{"line":105,"column":23},"end":{"line":105,"column":24}},"loc":{"start":{"line":105,"column":35},"end":{"line":122,"column":5}},"line":105},"9":{"name":"(anonymous_9)","decl":{"start":{"line":115,"column":29},"end":{"line":115,"column":30}},"loc":{"start":{"line":115,"column":37},"end":{"line":115,"column":66}},"line":115},"10":{"name":"(anonymous_10)","decl":{"start":{"line":153,"column":38},"end":{"line":153,"column":39}},"loc":{"start":{"line":154,"column":28},"end":{"line":154,"column":66}},"line":154},"11":{"name":"(anonymous_11)","decl":{"start":{"line":166,"column":30},"end":{"line":166,"column":31}},"loc":{"start":{"line":166,"column":37},"end":{"line":166,"column":68}},"line":166}},"branchMap":{"0":{"loc":{"start":{"line":16,"column":10},"end":{"line":21,"column":11}},"type":"if","locations":[{"start":{"line":16,"column":10},"end":{"line":21,"column":11}},{"start":{"line":19,"column":17},"end":{"line":21,"column":11}}],"line":16},"1":{"loc":{"start":{"line":31,"column":12},"end":{"line":34,"column":13}},"type":"if","locations":[{"start":{"line":31,"column":12},"end":{"line":34,"column":13}},{"start":{},"end":{}}],"line":31},"2":{"loc":{"start":{"line":43,"column":12},"end":{"line":46,"column":13}},"type":"if","locations":[{"start":{"line":43,"column":12},"end":{"line":46,"column":13}},{"start":{},"end":{}}],"line":43},"3":{"loc":{"start":{"line":55,"column":12},"end":{"line":58,"column":13}},"type":"if","locations":[{"start":{"line":55,"column":12},"end":{"line":58,"column":13}},{"start":{},"end":{}}],"line":55},"4":{"loc":{"start":{"line":76,"column":8},"end":{"line":76,"column":41}},"type":"if","locations":[{"start":{"line":76,"column":8},"end":{"line":76,"column":41}},{"start":{},"end":{}}],"line":76},"5":{"loc":{"start":{"line":90,"column":10},"end":{"line":99,"column":11}},"type":"if","locations":[{"start":{"line":90,"column":10},"end":{"line":99,"column":11}},{"start":{"line":97,"column":17},"end":{"line":99,"column":11}}],"line":90},"6":{"loc":{"start":{"line":107,"column":27},"end":{"line":107,"column":54}},"type":"cond-expr","locations":[{"start":{"line":107,"column":37},"end":{"line":107,"column":45}},{"start":{"line":107,"column":48},"end":{"line":107,"column":54}}],"line":107},"7":{"loc":{"start":{"line":112,"column":12},"end":{"line":118,"column":13}},"type":"if","locations":[{"start":{"line":112,"column":12},"end":{"line":118,"column":13}},{"start":{"line":116,"column":19},"end":{"line":118,"column":13}}],"line":112},"8":{"loc":{"start":{"line":113,"column":28},"end":{"line":113,"column":57}},"type":"cond-expr","locations":[{"start":{"line":113,"column":38},"end":{"line":113,"column":47}},{"start":{"line":113,"column":50},"end":{"line":113,"column":57}}],"line":113},"9":{"loc":{"start":{"line":115,"column":37},"end":{"line":115,"column":66}},"type":"cond-expr","locations":[{"start":{"line":115,"column":47},"end":{"line":115,"column":55}},{"start":{"line":115,"column":58},"end":{"line":115,"column":66}}],"line":115},"10":{"loc":{"start":{"line":128,"column":17},"end":{"line":128,"column":102}},"type":"cond-expr","locations":[{"start":{"line":128,"column":24},"end":{"line":128,"column":84}},{"start":{"line":128,"column":87},"end":{"line":128,"column":102}}],"line":128},"11":{"loc":{"start":{"line":144,"column":21},"end":{"line":144,"column":50}},"type":"cond-expr","locations":[{"start":{"line":144,"column":31},"end":{"line":144,"column":40}},{"start":{"line":144,"column":43},"end":{"line":144,"column":50}}],"line":144},"12":{"loc":{"start":{"line":151,"column":17},"end":{"line":159,"column":17}},"type":"cond-expr","locations":[{"start":{"line":152,"column":20},"end":{"line":156,"column":25}},{"start":{"line":158,"column":20},"end":{"line":158,"column":60}}],"line":151}},"s":{"0":7,"1":7,"2":7,"3":7,"4":7,"5":7,"6":3,"7":3,"8":3,"9":3,"10":3,"11":0,"12":0,"13":7,"14":2,"15":2,"16":2,"17":2,"18":2,"19":2,"20":0,"21":2,"22":2,"23":2,"24":2,"25":2,"26":2,"27":0,"28":2,"29":2,"30":2,"31":2,"32":2,"33":2,"34":0,"35":2,"36":2,"37":2,"38":2,"39":2,"40":2,"41":7,"42":2,"43":1,"44":1,"45":1,"46":1,"47":1,"48":1,"49":1,"50":1,"51":0,"52":0,"53":7,"54":0,"55":0,"56":0,"57":0,"58":0,"59":0,"60":0,"61":0,"62":0,"63":0,"64":7,"65":11,"66":1},"f":{"0":7,"1":3,"2":2,"3":2,"4":2,"5":2,"6":2,"7":2,"8":0,"9":0,"10":11,"11":1},"b":{"0":[3,0],"1":[2,0],"2":[2,0],"3":[2,0],"4":[1,1],"5":[1,0],"6":[0,0],"7":[0,0],"8":[0,0],"9":[0,0],"10":[5,2],"11":[5,2],"12":[5,2]},"_coverageSchema":"1a1c01bbd47fc00a2c39e90264f33305004495a9","hash":"af09e5a957ee5096bd84c5c270518e9a6d0b1594"}
,"/home/zeynel/Bureau/ensimag/web_project/climbing_app_amelie_lay_zeynel_altun/frontend/src/components/RouteForm.jsx": {"path":"/home/zeynel/Bureau/ensimag/web_project/climbing_app_amelie_lay_zeynel_altun/frontend/src/components/RouteForm.jsx","statementMap":{"0":{"start":{"line":7,"column":18},"end":{"line":131,"column":1}},"1":{"start":{"line":8,"column":34},"end":{"line":15,"column":4}},"2":{"start":{"line":16,"column":46},"end":{"line":16,"column":58}},"3":{"start":{"line":18,"column":2},"end":{"line":29,"column":20}},"4":{"start":{"line":19,"column":4},"end":{"line":28,"column":5}},"5":{"start":{"line":20,"column":6},"end":{"line":27,"column":9}},"6":{"start":{"line":31,"column":23},"end":{"line":36,"column":3}},"7":{"start":{"line":32,"column":4},"end":{"line":35,"column":7}},"8":{"start":{"line":38,"column":23},"end":{"line":73,"column":3}},"9":{"start":{"line":39,"column":4},"end":{"line":39,"column":23}},"10":{"start":{"line":42,"column":20},"end":{"line":47,"column":138}},"11":{"start":{"line":49,"column":4},"end":{"line":72,"column":9}},"12":{"start":{"line":51,"column":8},"end":{"line":51,"column":51}},"13":{"start":{"line":52,"column":50},"end":{"line":52,"column":68}},"14":{"start":{"line":54,"column":8},"end":{"line":68,"column":13}},"15":{"start":{"line":60,"column":12},"end":{"line":60,"column":60}},"16":{"start":{"line":61,"column":12},"end":{"line":61,"column":64}},"17":{"start":{"line":62,"column":12},"end":{"line":62,"column":58}},"18":{"start":{"line":62,"column":29},"end":{"line":62,"column":50}},"19":{"start":{"line":63,"column":12},"end":{"line":63,"column":49}},"20":{"start":{"line":63,"column":32},"end":{"line":63,"column":49}},"21":{"start":{"line":66,"column":12},"end":{"line":66,"column":35}},"22":{"start":{"line":67,"column":12},"end":{"line":67,"column":61}},"23":{"start":{"line":71,"column":8},"end":{"line":71,"column":52}},"24":{"start":{"line":75,"column":2},"end":{"line":130,"column":4}},"25":{"start":{"line":97,"column":12},"end":{"line":99,"column":21}},"26":{"start":{"line":109,"column":12},"end":{"line":111,"column":21}}},"fnMap":{"0":{"name":"(anonymous_0)","decl":{"start":{"line":7,"column":18},"end":{"line":7,"column":19}},"loc":{"start":{"line":7,"column":64},"end":{"line":131,"column":1}},"line":7},"1":{"name":"(anonymous_1)","decl":{"start":{"line":18,"column":12},"end":{"line":18,"column":13}},"loc":{"start":{"line":18,"column":18},"end":{"line":29,"column":3}},"line":18},"2":{"name":"(anonymous_2)","decl":{"start":{"line":31,"column":23},"end":{"line":31,"column":24}},"loc":{"start":{"line":31,"column":30},"end":{"line":36,"column":3}},"line":31},"3":{"name":"(anonymous_3)","decl":{"start":{"line":38,"column":23},"end":{"line":38,"column":24}},"loc":{"start":{"line":38,"column":30},"end":{"line":73,"column":3}},"line":38},"4":{"name":"(anonymous_4)","decl":{"start":{"line":50,"column":12},"end":{"line":50,"column":13}},"loc":{"start":{"line":50,"column":26},"end":{"line":69,"column":7}},"line":50},"5":{"name":"(anonymous_5)","decl":{"start":{"line":59,"column":16},"end":{"line":59,"column":17}},"loc":{"start":{"line":59,"column":34},"end":{"line":64,"column":11}},"line":59},"6":{"name":"(anonymous_6)","decl":{"start":{"line":62,"column":23},"end":{"line":62,"column":24}},"loc":{"start":{"line":62,"column":29},"end":{"line":62,"column":50}},"line":62},"7":{"name":"(anonymous_7)","decl":{"start":{"line":65,"column":17},"end":{"line":65,"column":18}},"loc":{"start":{"line":65,"column":32},"end":{"line":68,"column":11}},"line":65},"8":{"name":"(anonymous_8)","decl":{"start":{"line":70,"column":13},"end":{"line":70,"column":14}},"loc":{"start":{"line":70,"column":24},"end":{"line":72,"column":7}},"line":70},"9":{"name":"(anonymous_9)","decl":{"start":{"line":96,"column":42},"end":{"line":96,"column":43}},"loc":{"start":{"line":97,"column":12},"end":{"line":99,"column":21}},"line":97},"10":{"name":"(anonymous_10)","decl":{"start":{"line":108,"column":27},"end":{"line":108,"column":28}},"loc":{"start":{"line":109,"column":12},"end":{"line":111,"column":21}},"line":109}},"branchMap":{"0":{"loc":{"start":{"line":19,"column":4},"end":{"line":28,"column":5}},"type":"if","locations":[{"start":{"line":19,"column":4},"end":{"line":28,"column":5}},{"start":{},"end":{}}],"line":19},"1":{"loc":{"start":{"line":42,"column":20},"end":{"line":47,"column":138}},"type":"cond-expr","locations":[{"start":{"line":43,"column":8},"end":{"line":46,"column":9}},{"start":{"line":47,"column":8},"end":{"line":47,"column":138}}],"line":42},"2":{"loc":{"start":{"line":63,"column":12},"end":{"line":63,"column":49}},"type":"if","locations":[{"start":{"line":63,"column":12},"end":{"line":63,"column":49}},{"start":{},"end":{}}],"line":63},"3":{"loc":{"start":{"line":122,"column":11},"end":{"line":122,"column":67}},"type":"cond-expr","locations":[{"start":{"line":122,"column":25},"end":{"line":122,"column":43}},{"start":{"line":122,"column":46},"end":{"line":122,"column":67}}],"line":122},"4":{"loc":{"start":{"line":126,"column":7},"end":{"line":128,"column":7}},"type":"binary-expr","locations":[{"start":{"line":126,"column":7},"end":{"line":126,"column":21}},{"start":{"line":127,"column":8},"end":{"line":127,"column":63}}],"line":126}},"s":{"0":2,"1":11,"2":11,"3":11,"4":5,"5":2,"6":11,"7":3,"8":11,"9":1,"10":1,"11":1,"12":1,"13":1,"14":1,"15":1,"16":1,"17":1,"18":0,"19":1,"20":1,"21":0,"22":0,"23":0,"24":11,"25":198,"26":66},"f":{"0":11,"1":5,"2":3,"3":1,"4":1,"5":1,"6":0,"7":0,"8":0,"9":198,"10":66},"b":{"0":[2,3],"1":[0,1],"2":[1,0],"3":[4,7],"4":[11,1]},"_coverageSchema":"1a1c01bbd47fc00a2c39e90264f33305004495a9","hash":"f2486b9ebc313337c4ee6fc0b6944af366aebfb9"}
,"/home/zeynel/Bureau/ensimag/web_project/climbing_app_amelie_lay_zeynel_altun/frontend/src/components/RouteHistory.jsx": {"path":"/home/zeynel/Bureau/ensimag/web_project/climbing_app_amelie_lay_zeynel_altun/frontend/src/components/RouteHistory.jsx","statementMap":{"0":{"start":{"line":9,"column":21},"end":{"line":105,"column":1}},"1":{"start":{"line":10,"column":30},"end":{"line":10,"column":42}},"2":{"start":{"line":11,"column":40},"end":{"line":11,"column":54}},"3":{"start":{"line":13,"column":2},"end":{"line":25,"column":16}},"4":{"start":{"line":15,"column":4},"end":{"line":24,"column":9}},"5":{"start":{"line":20,"column":8},"end":{"line":20,"column":38}},"6":{"start":{"line":23,"column":8},"end":{"line":23,"column":74}},"7":{"start":{"line":27,"column":23},"end":{"line":38,"column":3}},"8":{"start":{"line":28,"column":4},"end":{"line":37,"column":9}},"9":{"start":{"line":33,"column":8},"end":{"line":33,"column":66}},"10":{"start":{"line":33,"column":43},"end":{"line":33,"column":63}},"11":{"start":{"line":36,"column":8},"end":{"line":36,"column":74}},"12":{"start":{"line":40,"column":21},"end":{"line":42,"column":3}},"13":{"start":{"line":41,"column":4},"end":{"line":41,"column":26}},"14":{"start":{"line":44,"column":29},"end":{"line":56,"column":3}},"15":{"start":{"line":45,"column":4},"end":{"line":45,"column":25}},"16":{"start":{"line":46,"column":4},"end":{"line":55,"column":9}},"17":{"start":{"line":51,"column":8},"end":{"line":51,"column":38}},"18":{"start":{"line":54,"column":8},"end":{"line":54,"column":74}},"19":{"start":{"line":58,"column":2},"end":{"line":104,"column":4}},"20":{"start":{"line":72,"column":28},"end":{"line":72,"column":63}},"21":{"start":{"line":74,"column":14},"end":{"line":92,"column":19}},"22":{"start":{"line":83,"column":35},"end":{"line":83,"column":52}},"23":{"start":{"line":88,"column":35},"end":{"line":88,"column":57}}},"fnMap":{"0":{"name":"(anonymous_0)","decl":{"start":{"line":9,"column":21},"end":{"line":9,"column":22}},"loc":{"start":{"line":9,"column":38},"end":{"line":105,"column":1}},"line":9},"1":{"name":"(anonymous_1)","decl":{"start":{"line":13,"column":12},"end":{"line":13,"column":13}},"loc":{"start":{"line":13,"column":18},"end":{"line":25,"column":3}},"line":13},"2":{"name":"(anonymous_2)","decl":{"start":{"line":19,"column":12},"end":{"line":19,"column":13}},"loc":{"start":{"line":19,"column":26},"end":{"line":21,"column":7}},"line":19},"3":{"name":"(anonymous_3)","decl":{"start":{"line":22,"column":13},"end":{"line":22,"column":14}},"loc":{"start":{"line":22,"column":24},"end":{"line":24,"column":7}},"line":22},"4":{"name":"(anonymous_4)","decl":{"start":{"line":27,"column":23},"end":{"line":27,"column":24}},"loc":{"start":{"line":27,"column":36},"end":{"line":38,"column":3}},"line":27},"5":{"name":"(anonymous_5)","decl":{"start":{"line":32,"column":12},"end":{"line":32,"column":13}},"loc":{"start":{"line":32,"column":18},"end":{"line":34,"column":7}},"line":32},"6":{"name":"(anonymous_6)","decl":{"start":{"line":33,"column":32},"end":{"line":33,"column":33}},"loc":{"start":{"line":33,"column":43},"end":{"line":33,"column":63}},"line":33},"7":{"name":"(anonymous_7)","decl":{"start":{"line":35,"column":13},"end":{"line":35,"column":14}},"loc":{"start":{"line":35,"column":24},"end":{"line":37,"column":7}},"line":35},"8":{"name":"(anonymous_8)","decl":{"start":{"line":40,"column":21},"end":{"line":40,"column":22}},"loc":{"start":{"line":40,"column":32},"end":{"line":42,"column":3}},"line":40},"9":{"name":"(anonymous_9)","decl":{"start":{"line":44,"column":29},"end":{"line":44,"column":30}},"loc":{"start":{"line":44,"column":35},"end":{"line":56,"column":3}},"line":44},"10":{"name":"(anonymous_10)","decl":{"start":{"line":50,"column":12},"end":{"line":50,"column":13}},"loc":{"start":{"line":50,"column":26},"end":{"line":52,"column":7}},"line":50},"11":{"name":"(anonymous_11)","decl":{"start":{"line":53,"column":13},"end":{"line":53,"column":14}},"loc":{"start":{"line":53,"column":24},"end":{"line":55,"column":7}},"line":53},"12":{"name":"(anonymous_12)","decl":{"start":{"line":72,"column":18},"end":{"line":72,"column":19}},"loc":{"start":{"line":72,"column":28},"end":{"line":72,"column":63}},"line":72},"13":{"name":"(anonymous_13)","decl":{"start":{"line":73,"column":17},"end":{"line":73,"column":18}},"loc":{"start":{"line":74,"column":14},"end":{"line":92,"column":19}},"line":74},"14":{"name":"(anonymous_14)","decl":{"start":{"line":83,"column":29},"end":{"line":83,"column":30}},"loc":{"start":{"line":83,"column":35},"end":{"line":83,"column":52}},"line":83},"15":{"name":"(anonymous_15)","decl":{"start":{"line":88,"column":29},"end":{"line":88,"column":30}},"loc":{"start":{"line":88,"column":35},"end":{"line":88,"column":57}},"line":88}},"branchMap":{"0":{"loc":{"start":{"line":96,"column":7},"end":{"line":102,"column":7}},"type":"binary-expr","locations":[{"start":{"line":96,"column":7},"end":{"line":96,"column":18}},{"start":{"line":97,"column":8},"end":{"line":101,"column":10}}],"line":96}},"s":{"0":1,"1":2,"2":2,"3":2,"4":1,"5":1,"6":0,"7":2,"8":0,"9":0,"10":0,"11":0,"12":2,"13":0,"14":2,"15":0,"16":0,"17":0,"18":0,"19":2,"20":1,"21":2,"22":0,"23":0},"f":{"0":2,"1":1,"2":1,"3":0,"4":0,"5":0,"6":0,"7":0,"8":0,"9":0,"10":0,"11":0,"12":1,"13":2,"14":0,"15":0},"b":{"0":[2,0]},"_coverageSchema":"1a1c01bbd47fc00a2c39e90264f33305004495a9","hash":"ff03b0482fa251d23df0e0e046fae391113d36ef"}
,"/home/zeynel/Bureau/ensimag/web_project/climbing_app_amelie_lay_zeynel_altun/frontend/src/components/cotation.js": {"path":"/home/zeynel/Bureau/ensimag/web_project/climbing_app_amelie_lay_zeynel_altun/frontend/src/components/cotation.js","statementMap":{"0":{"start":{"line":1,"column":29},"end":{"line":20,"column":1}},"1":{"start":{"line":23,"column":36},"end":{"line":25,"column":1}},"2":{"start":{"line":24,"column":54},"end":{"line":24,"column":66}}},"fnMap":{"0":{"name":"(anonymous_0)","decl":{"start":{"line":24,"column":36},"end":{"line":24,"column":37}},"loc":{"start":{"line":24,"column":54},"end":{"line":24,"column":66}},"line":24}},"branchMap":{},"s":{"0":3,"1":3,"2":54},"f":{"0":54},"b":{},"_coverageSchema":"1a1c01bbd47fc00a2c39e90264f33305004495a9","hash":"067d6078d24af4d398a21dd757bde17b88d7b79d"}
,"/home/zeynel/Bureau/ensimag/web_project/climbing_app_amelie_lay_zeynel_altun/frontend/src/components/typeOfRoute.js": {"path":"/home/zeynel/Bureau/ensimag/web_project/climbing_app_amelie_lay_zeynel_altun/frontend/src/components/typeOfRoute.js","statementMap":{"0":{"start":{"line":1,"column":27},"end":{"line":8,"column":1}}},"fnMap":{},"branchMap":{},"s":{"0":2},"f":{},"b":{},"_coverageSchema":"1a1c01bbd47fc00a2c39e90264f33305004495a9","hash":"0efecba69a70701f99f23d42ca5e63f7dec90d74"}
,"/home/zeynel/Bureau/ensimag/web_project/climbing_app_amelie_lay_zeynel_altun/frontend/src/views/Home.jsx": {"path":"/home/zeynel/Bureau/ensimag/web_project/climbing_app_amelie_lay_zeynel_altun/frontend/src/views/Home.jsx","statementMap":{"0":{"start":{"line":7,"column":28},"end":{"line":7,"column":40}},"1":{"start":{"line":9,"column":2},"end":{"line":19,"column":16}},"2":{"start":{"line":10,"column":4},"end":{"line":18,"column":9}},"3":{"start":{"line":13,"column":8},"end":{"line":13,"column":52}},"4":{"start":{"line":14,"column":8},"end":{"line":14,"column":32}},"5":{"start":{"line":17,"column":8},"end":{"line":17,"column":53}},"6":{"start":{"line":21,"column":2},"end":{"line":29,"column":4}},"7":{"start":{"line":25,"column":8},"end":{"line":25,"column":131}}},"fnMap":{"0":{"name":"Home","decl":{"start":{"line":6,"column":24},"end":{"line":6,"column":28}},"loc":{"start":{"line":6,"column":42},"end":{"line":30,"column":1}},"line":6},"1":{"name":"(anonymous_1)","decl":{"start":{"line":9,"column":12},"end":{"line":9,"column":13}},"loc":{"start":{"line":9,"column":18},"end":{"line":19,"column":3}},"line":9},"2":{"name":"(anonymous_2)","decl":{"start":{"line":12,"column":12},"end":{"line":12,"column":13}},"loc":{"start":{"line":12,"column":26},"end":{"line":15,"column":7}},"line":12},"3":{"name":"(anonymous_3)","decl":{"start":{"line":16,"column":13},"end":{"line":16,"column":14}},"loc":{"start":{"line":16,"column":24},"end":{"line":18,"column":7}},"line":16},"4":{"name":"(anonymous_4)","decl":{"start":{"line":24,"column":26},"end":{"line":24,"column":27}},"loc":{"start":{"line":25,"column":8},"end":{"line":25,"column":131}},"line":25}},"branchMap":{"0":{"loc":{"start":{"line":24,"column":7},"end":{"line":26,"column":6}},"type":"binary-expr","locations":[{"start":{"line":24,"column":7},"end":{"line":24,"column":12}},{"start":{"line":24,"column":16},"end":{"line":26,"column":6}}],"line":24}},"s":{"0":3,"1":3,"2":2,"3":1,"4":1,"5":1,"6":3,"7":2},"f":{"0":3,"1":2,"2":1,"3":1,"4":2},"b":{"0":[3,3]},"_coverageSchema":"1a1c01bbd47fc00a2c39e90264f33305004495a9","hash":"d3d4e46f0b405fd39aaf9aa6bfbcdddf58be41d3"}
,"/home/zeynel/Bureau/ensimag/web_project/climbing_app_amelie_lay_zeynel_altun/frontend/src/views/Message.jsx": {"path":"/home/zeynel/Bureau/ensimag/web_project/climbing_app_amelie_lay_zeynel_altun/frontend/src/views/Message.jsx","statementMap":{"0":{"start":{"line":6,"column":44},"end":{"line":6,"column":56}},"1":{"start":{"line":7,"column":46},"end":{"line":7,"column":60}},"2":{"start":{"line":8,"column":40},"end":{"line":8,"column":55}},"3":{"start":{"line":9,"column":44},"end":{"line":9,"column":56}},"4":{"start":{"line":10,"column":34},"end":{"line":10,"column":46}},"5":{"start":{"line":11,"column":28},"end":{"line":11,"column":40}},"6":{"start":{"line":12,"column":28},"end":{"line":12,"column":40}},"7":{"start":{"line":13,"column":46},"end":{"line":13,"column":61}},"8":{"start":{"line":14,"column":42},"end":{"line":14,"column":57}},"9":{"start":{"line":15,"column":42},"end":{"line":15,"column":54}},"10":{"start":{"line":18,"column":20},"end":{"line":25,"column":15}},"11":{"start":{"line":19,"column":4},"end":{"line":24,"column":71}},"12":{"start":{"line":21,"column":8},"end":{"line":21,"column":40}},"13":{"start":{"line":22,"column":8},"end":{"line":22,"column":44}},"14":{"start":{"line":24,"column":24},"end":{"line":24,"column":69}},"15":{"start":{"line":27,"column":2},"end":{"line":27,"column":49}},"16":{"start":{"line":27,"column":20},"end":{"line":27,"column":32}},"17":{"start":{"line":30,"column":24},"end":{"line":35,"column":3}},"18":{"start":{"line":31,"column":4},"end":{"line":31,"column":24}},"19":{"start":{"line":31,"column":17},"end":{"line":31,"column":24}},"20":{"start":{"line":32,"column":4},"end":{"line":34,"column":90}},"21":{"start":{"line":33,"column":26},"end":{"line":33,"column":52}},"22":{"start":{"line":34,"column":24},"end":{"line":34,"column":88}},"23":{"start":{"line":37,"column":2},"end":{"line":37,"column":95}},"24":{"start":{"line":37,"column":20},"end":{"line":37,"column":73}},"25":{"start":{"line":37,"column":40},"end":{"line":37,"column":73}},"26":{"start":{"line":40,"column":2},"end":{"line":68,"column":16}},"27":{"start":{"line":41,"column":4},"end":{"line":41,"column":25}},"28":{"start":{"line":41,"column":18},"end":{"line":41,"column":25}},"29":{"start":{"line":43,"column":22},"end":{"line":65,"column":5}},"30":{"start":{"line":44,"column":6},"end":{"line":64,"column":91}},"31":{"start":{"line":45,"column":25},"end":{"line":45,"column":145}},"32":{"start":{"line":46,"column":26},"end":{"line":46,"column":47}},"33":{"start":{"line":48,"column":30},"end":{"line":48,"column":166}},"34":{"start":{"line":49,"column":31},"end":{"line":49,"column":57}},"35":{"start":{"line":50,"column":28},"end":{"line":50,"column":53}},"36":{"start":{"line":52,"column":31},"end":{"line":60,"column":10}},"37":{"start":{"line":53,"column":29},"end":{"line":53,"column":106}},"38":{"start":{"line":53,"column":51},"end":{"line":53,"column":105}},"39":{"start":{"line":54,"column":10},"end":{"line":59,"column":12}},"40":{"start":{"line":62,"column":32},"end":{"line":62,"column":76}},"41":{"start":{"line":62,"column":59},"end":{"line":62,"column":75}},"42":{"start":{"line":63,"column":8},"end":{"line":63,"column":34}},"43":{"start":{"line":64,"column":22},"end":{"line":64,"column":89}},"44":{"start":{"line":67,"column":4},"end":{"line":67,"column":16}},"45":{"start":{"line":70,"column":21},"end":{"line":80,"column":3}},"46":{"start":{"line":71,"column":4},"end":{"line":79,"column":5}},"47":{"start":{"line":72,"column":6},"end":{"line":76,"column":8}},"48":{"start":{"line":73,"column":8},"end":{"line":75,"column":27}},"49":{"start":{"line":73,"column":25},"end":{"line":73,"column":41}},"50":{"start":{"line":74,"column":31},"end":{"line":74,"column":47}},"51":{"start":{"line":78,"column":6},"end":{"line":78,"column":31}},"52":{"start":{"line":82,"column":21},"end":{"line":99,"column":3}},"53":{"start":{"line":83,"column":4},"end":{"line":98,"column":5}},"54":{"start":{"line":84,"column":6},"end":{"line":93,"column":8}},"55":{"start":{"line":87,"column":44},"end":{"line":87,"column":53}},"56":{"start":{"line":88,"column":75},"end":{"line":88,"column":82}},"57":{"start":{"line":94,"column":6},"end":{"line":94,"column":31}},"58":{"start":{"line":95,"column":6},"end":{"line":95,"column":18}},"59":{"start":{"line":97,"column":6},"end":{"line":97,"column":70}},"60":{"start":{"line":101,"column":22},"end":{"line":119,"column":3}},"61":{"start":{"line":102,"column":4},"end":{"line":102,"column":49}},"62":{"start":{"line":102,"column":42},"end":{"line":102,"column":49}},"63":{"start":{"line":104,"column":4},"end":{"line":118,"column":5}},"64":{"start":{"line":105,"column":6},"end":{"line":112,"column":8}},"65":{"start":{"line":114,"column":6},"end":{"line":114,"column":39}},"66":{"start":{"line":115,"column":6},"end":{"line":115,"column":19}},"67":{"start":{"line":117,"column":6},"end":{"line":117,"column":66}},"68":{"start":{"line":121,"column":27},"end":{"line":143,"column":3}},"69":{"start":{"line":122,"column":4},"end":{"line":125,"column":5}},"70":{"start":{"line":123,"column":6},"end":{"line":123,"column":45}},"71":{"start":{"line":124,"column":6},"end":{"line":124,"column":13}},"72":{"start":{"line":127,"column":4},"end":{"line":142,"column":5}},"73":{"start":{"line":128,"column":6},"end":{"line":131,"column":8}},"74":{"start":{"line":133,"column":6},"end":{"line":133,"column":51}},"75":{"start":{"line":134,"column":6},"end":{"line":134,"column":29}},"76":{"start":{"line":135,"column":6},"end":{"line":135,"column":26}},"77":{"start":{"line":138,"column":6},"end":{"line":138,"column":18}},"78":{"start":{"line":140,"column":6},"end":{"line":140,"column":70}},"79":{"start":{"line":141,"column":6},"end":{"line":141,"column":58}},"80":{"start":{"line":145,"column":35},"end":{"line":162,"column":3}},"81":{"start":{"line":146,"column":26},"end":{"line":146,"column":99}},"82":{"start":{"line":147,"column":4},"end":{"line":147,"column":31}},"83":{"start":{"line":147,"column":24},"end":{"line":147,"column":31}},"84":{"start":{"line":149,"column":4},"end":{"line":161,"column":5}},"85":{"start":{"line":150,"column":6},"end":{"line":152,"column":8}},"86":{"start":{"line":154,"column":6},"end":{"line":154,"column":52}},"87":{"start":{"line":155,"column":6},"end":{"line":155,"column":29}},"88":{"start":{"line":156,"column":6},"end":{"line":156,"column":30}},"89":{"start":{"line":157,"column":6},"end":{"line":157,"column":18}},"90":{"start":{"line":159,"column":6},"end":{"line":159,"column":62}},"91":{"start":{"line":160,"column":6},"end":{"line":160,"column":63}},"92":{"start":{"line":164,"column":2},"end":{"line":281,"column":4}},"93":{"start":{"line":171,"column":35},"end":{"line":171,"column":59}},"94":{"start":{"line":176,"column":33},"end":{"line":176,"column":63}},"95":{"start":{"line":176,"column":56},"end":{"line":176,"column":61}},"96":{"start":{"line":176,"column":64},"end":{"line":176,"column":85}},"97":{"start":{"line":183,"column":14},"end":{"line":187,"column":20}},"98":{"start":{"line":184,"column":66},"end":{"line":184,"column":82}},"99":{"start":{"line":185,"column":31},"end":{"line":185,"column":47}},"100":{"start":{"line":204,"column":56},"end":{"line":204,"column":78}},"101":{"start":{"line":208,"column":37},"end":{"line":208,"column":59}},"102":{"start":{"line":217,"column":33},"end":{"line":217,"column":64}},"103":{"start":{"line":234,"column":59},"end":{"line":234,"column":82}},"104":{"start":{"line":239,"column":12},"end":{"line":243,"column":17}},"105":{"start":{"line":241,"column":29},"end":{"line":241,"column":54}},"106":{"start":{"line":254,"column":60},"end":{"line":254,"column":81}},"107":{"start":{"line":262,"column":12},"end":{"line":265,"column":18}},"108":{"start":{"line":274,"column":29},"end":{"line":274,"column":53}},"109":{"start":{"line":275,"column":30},"end":{"line":275,"column":64}}},"fnMap":{"0":{"name":"Message","decl":{"start":{"line":5,"column":24},"end":{"line":5,"column":31}},"loc":{"start":{"line":5,"column":45},"end":{"line":282,"column":1}},"line":5},"1":{"name":"(anonymous_1)","decl":{"start":{"line":18,"column":32},"end":{"line":18,"column":33}},"loc":{"start":{"line":18,"column":38},"end":{"line":25,"column":3}},"line":18},"2":{"name":"(anonymous_2)","decl":{"start":{"line":20,"column":12},"end":{"line":20,"column":13}},"loc":{"start":{"line":20,"column":26},"end":{"line":23,"column":7}},"line":20},"3":{"name":"(anonymous_3)","decl":{"start":{"line":24,"column":13},"end":{"line":24,"column":14}},"loc":{"start":{"line":24,"column":24},"end":{"line":24,"column":69}},"line":24},"4":{"name":"(anonymous_4)","decl":{"start":{"line":27,"column":12},"end":{"line":27,"column":13}},"loc":{"start":{"line":27,"column":18},"end":{"line":27,"column":34}},"line":27},"5":{"name":"(anonymous_5)","decl":{"start":{"line":30,"column":24},"end":{"line":30,"column":25}},"loc":{"start":{"line":30,"column":36},"end":{"line":35,"column":3}},"line":30},"6":{"name":"(anonymous_6)","decl":{"start":{"line":33,"column":12},"end":{"line":33,"column":13}},"loc":{"start":{"line":33,"column":26},"end":{"line":33,"column":52}},"line":33},"7":{"name":"(anonymous_7)","decl":{"start":{"line":34,"column":13},"end":{"line":34,"column":14}},"loc":{"start":{"line":34,"column":24},"end":{"line":34,"column":88}},"line":34},"8":{"name":"(anonymous_8)","decl":{"start":{"line":37,"column":12},"end":{"line":37,"column":13}},"loc":{"start":{"line":37,"column":18},"end":{"line":37,"column":75}},"line":37},"9":{"name":"(anonymous_9)","decl":{"start":{"line":40,"column":12},"end":{"line":40,"column":13}},"loc":{"start":{"line":40,"column":18},"end":{"line":68,"column":3}},"line":40},"10":{"name":"(anonymous_10)","decl":{"start":{"line":43,"column":22},"end":{"line":43,"column":23}},"loc":{"start":{"line":43,"column":34},"end":{"line":65,"column":5}},"line":43},"11":{"name":"(anonymous_11)","decl":{"start":{"line":52,"column":45},"end":{"line":52,"column":46}},"loc":{"start":{"line":52,"column":55},"end":{"line":60,"column":9}},"line":52},"12":{"name":"(anonymous_12)","decl":{"start":{"line":53,"column":46},"end":{"line":53,"column":47}},"loc":{"start":{"line":53,"column":51},"end":{"line":53,"column":105}},"line":53},"13":{"name":"(anonymous_13)","decl":{"start":{"line":62,"column":54},"end":{"line":62,"column":55}},"loc":{"start":{"line":62,"column":59},"end":{"line":62,"column":75}},"line":62},"14":{"name":"(anonymous_14)","decl":{"start":{"line":70,"column":21},"end":{"line":70,"column":22}},"loc":{"start":{"line":70,"column":31},"end":{"line":80,"column":3}},"line":70},"15":{"name":"(anonymous_15)","decl":{"start":{"line":72,"column":23},"end":{"line":72,"column":24}},"loc":{"start":{"line":73,"column":8},"end":{"line":75,"column":27}},"line":73},"16":{"name":"(anonymous_16)","decl":{"start":{"line":73,"column":18},"end":{"line":73,"column":19}},"loc":{"start":{"line":73,"column":25},"end":{"line":73,"column":41}},"line":73},"17":{"name":"(anonymous_17)","decl":{"start":{"line":74,"column":24},"end":{"line":74,"column":25}},"loc":{"start":{"line":74,"column":31},"end":{"line":74,"column":47}},"line":74},"18":{"name":"(anonymous_18)","decl":{"start":{"line":82,"column":21},"end":{"line":82,"column":22}},"loc":{"start":{"line":82,"column":33},"end":{"line":99,"column":3}},"line":82},"19":{"name":"(anonymous_19)","decl":{"start":{"line":87,"column":34},"end":{"line":87,"column":35}},"loc":{"start":{"line":87,"column":44},"end":{"line":87,"column":53}},"line":87},"20":{"name":"(anonymous_20)","decl":{"start":{"line":88,"column":65},"end":{"line":88,"column":66}},"loc":{"start":{"line":88,"column":75},"end":{"line":88,"column":82}},"line":88},"21":{"name":"(anonymous_21)","decl":{"start":{"line":101,"column":22},"end":{"line":101,"column":23}},"loc":{"start":{"line":101,"column":34},"end":{"line":119,"column":3}},"line":101},"22":{"name":"(anonymous_22)","decl":{"start":{"line":121,"column":27},"end":{"line":121,"column":28}},"loc":{"start":{"line":121,"column":39},"end":{"line":143,"column":3}},"line":121},"23":{"name":"(anonymous_23)","decl":{"start":{"line":145,"column":35},"end":{"line":145,"column":36}},"loc":{"start":{"line":145,"column":47},"end":{"line":162,"column":3}},"line":145},"24":{"name":"(anonymous_24)","decl":{"start":{"line":171,"column":29},"end":{"line":171,"column":30}},"loc":{"start":{"line":171,"column":35},"end":{"line":171,"column":59}},"line":171},"25":{"name":"(anonymous_25)","decl":{"start":{"line":176,"column":25},"end":{"line":176,"column":26}},"loc":{"start":{"line":176,"column":31},"end":{"line":176,"column":87}},"line":176},"26":{"name":"(anonymous_26)","decl":{"start":{"line":176,"column":48},"end":{"line":176,"column":49}},"loc":{"start":{"line":176,"column":56},"end":{"line":176,"column":61}},"line":176},"27":{"name":"(anonymous_27)","decl":{"start":{"line":182,"column":23},"end":{"line":182,"column":24}},"loc":{"start":{"line":183,"column":14},"end":{"line":187,"column":20}},"line":183},"28":{"name":"(anonymous_28)","decl":{"start":{"line":184,"column":59},"end":{"line":184,"column":60}},"loc":{"start":{"line":184,"column":66},"end":{"line":184,"column":82}},"line":184},"29":{"name":"(anonymous_29)","decl":{"start":{"line":185,"column":25},"end":{"line":185,"column":26}},"loc":{"start":{"line":185,"column":31},"end":{"line":185,"column":47}},"line":185},"30":{"name":"(anonymous_30)","decl":{"start":{"line":204,"column":50},"end":{"line":204,"column":51}},"loc":{"start":{"line":204,"column":56},"end":{"line":204,"column":78}},"line":204},"31":{"name":"(anonymous_31)","decl":{"start":{"line":208,"column":31},"end":{"line":208,"column":32}},"loc":{"start":{"line":208,"column":37},"end":{"line":208,"column":59}},"line":208},"32":{"name":"(anonymous_32)","decl":{"start":{"line":217,"column":26},"end":{"line":217,"column":27}},"loc":{"start":{"line":217,"column":33},"end":{"line":217,"column":64}},"line":217},"33":{"name":"(anonymous_33)","decl":{"start":{"line":234,"column":53},"end":{"line":234,"column":54}},"loc":{"start":{"line":234,"column":59},"end":{"line":234,"column":82}},"line":234},"34":{"name":"(anonymous_34)","decl":{"start":{"line":238,"column":29},"end":{"line":238,"column":30}},"loc":{"start":{"line":239,"column":12},"end":{"line":243,"column":17}},"line":239},"35":{"name":"(anonymous_35)","decl":{"start":{"line":241,"column":23},"end":{"line":241,"column":24}},"loc":{"start":{"line":241,"column":29},"end":{"line":241,"column":54}},"line":241},"36":{"name":"(anonymous_36)","decl":{"start":{"line":254,"column":54},"end":{"line":254,"column":55}},"loc":{"start":{"line":254,"column":60},"end":{"line":254,"column":81}},"line":254},"37":{"name":"(anonymous_37)","decl":{"start":{"line":261,"column":24},"end":{"line":261,"column":25}},"loc":{"start":{"line":262,"column":12},"end":{"line":265,"column":18}},"line":262},"38":{"name":"(anonymous_38)","decl":{"start":{"line":274,"column":22},"end":{"line":274,"column":23}},"loc":{"start":{"line":274,"column":29},"end":{"line":274,"column":53}},"line":274},"39":{"name":"(anonymous_39)","decl":{"start":{"line":275,"column":23},"end":{"line":275,"column":24}},"loc":{"start":{"line":275,"column":30},"end":{"line":275,"column":64}},"line":275}},"branchMap":{"0":{"loc":{"start":{"line":31,"column":4},"end":{"line":31,"column":24}},"type":"if","locations":[{"start":{"line":31,"column":4},"end":{"line":31,"column":24}},{"start":{},"end":{}}],"line":31},"1":{"loc":{"start":{"line":37,"column":20},"end":{"line":37,"column":73}},"type":"if","locations":[{"start":{"line":37,"column":20},"end":{"line":37,"column":73}},{"start":{},"end":{}}],"line":37},"2":{"loc":{"start":{"line":41,"column":4},"end":{"line":41,"column":25}},"type":"if","locations":[{"start":{"line":41,"column":4},"end":{"line":41,"column":25}},{"start":{},"end":{}}],"line":41},"3":{"loc":{"start":{"line":50,"column":28},"end":{"line":50,"column":53}},"type":"binary-expr","locations":[{"start":{"line":50,"column":28},"end":{"line":50,"column":47}},{"start":{"line":50,"column":51},"end":{"line":50,"column":53}}],"line":50},"4":{"loc":{"start":{"line":53,"column":51},"end":{"line":53,"column":105}},"type":"binary-expr","locations":[{"start":{"line":53,"column":51},"end":{"line":53,"column":76}},{"start":{"line":53,"column":80},"end":{"line":53,"column":105}}],"line":53},"5":{"loc":{"start":{"line":58,"column":26},"end":{"line":58,"column":59}},"type":"cond-expr","locations":[{"start":{"line":58,"column":39},"end":{"line":58,"column":52}},{"start":{"line":58,"column":55},"end":{"line":58,"column":59}}],"line":58},"6":{"loc":{"start":{"line":71,"column":4},"end":{"line":79,"column":5}},"type":"if","locations":[{"start":{"line":71,"column":4},"end":{"line":79,"column":5}},{"start":{"line":77,"column":11},"end":{"line":79,"column":5}}],"line":71},"7":{"loc":{"start":{"line":73,"column":8},"end":{"line":75,"column":27}},"type":"cond-expr","locations":[{"start":{"line":74,"column":12},"end":{"line":74,"column":48}},{"start":{"line":75,"column":12},"end":{"line":75,"column":27}}],"line":73},"8":{"loc":{"start":{"line":90,"column":16},"end":{"line":90,"column":49}},"type":"cond-expr","locations":[{"start":{"line":90,"column":30},"end":{"line":90,"column":37}},{"start":{"line":90,"column":40},"end":{"line":90,"column":49}}],"line":90},"9":{"loc":{"start":{"line":102,"column":4},"end":{"line":102,"column":49}},"type":"if","locations":[{"start":{"line":102,"column":4},"end":{"line":102,"column":49}},{"start":{},"end":{}}],"line":102},"10":{"loc":{"start":{"line":102,"column":8},"end":{"line":102,"column":40}},"type":"binary-expr","locations":[{"start":{"line":102,"column":8},"end":{"line":102,"column":21}},{"start":{"line":102,"column":25},"end":{"line":102,"column":40}}],"line":102},"11":{"loc":{"start":{"line":122,"column":4},"end":{"line":125,"column":5}},"type":"if","locations":[{"start":{"line":122,"column":4},"end":{"line":125,"column":5}},{"start":{},"end":{}}],"line":122},"12":{"loc":{"start":{"line":147,"column":4},"end":{"line":147,"column":31}},"type":"if","locations":[{"start":{"line":147,"column":4},"end":{"line":147,"column":31}},{"start":{},"end":{}}],"line":147},"13":{"loc":{"start":{"line":168,"column":7},"end":{"line":199,"column":7}},"type":"binary-expr","locations":[{"start":{"line":168,"column":7},"end":{"line":168,"column":21}},{"start":{"line":169,"column":8},"end":{"line":198,"column":14}}],"line":168},"14":{"loc":{"start":{"line":169,"column":39},"end":{"line":169,"column":76}},"type":"cond-expr","locations":[{"start":{"line":169,"column":56},"end":{"line":169,"column":65}},{"start":{"line":169,"column":68},"end":{"line":169,"column":76}}],"line":169},"15":{"loc":{"start":{"line":175,"column":40},"end":{"line":175,"column":69}},"type":"cond-expr","locations":[{"start":{"line":175,"column":54},"end":{"line":175,"column":64}},{"start":{"line":175,"column":67},"end":{"line":175,"column":69}}],"line":175},"16":{"loc":{"start":{"line":177,"column":33},"end":{"line":177,"column":50}},"type":"binary-expr","locations":[{"start":{"line":177,"column":33},"end":{"line":177,"column":44}},{"start":{"line":177,"column":48},"end":{"line":177,"column":50}}],"line":177},"17":{"loc":{"start":{"line":184,"column":40},"end":{"line":184,"column":101}},"type":"cond-expr","locations":[{"start":{"line":184,"column":86},"end":{"line":184,"column":96}},{"start":{"line":184,"column":99},"end":{"line":184,"column":101}}],"line":184},"18":{"loc":{"start":{"line":192,"column":40},"end":{"line":192,"column":97}},"type":"cond-expr","locations":[{"start":{"line":192,"column":82},"end":{"line":192,"column":92}},{"start":{"line":192,"column":95},"end":{"line":192,"column":97}}],"line":192},"19":{"loc":{"start":{"line":192,"column":40},"end":{"line":192,"column":79}},"type":"binary-expr","locations":[{"start":{"line":192,"column":40},"end":{"line":192,"column":51}},{"start":{"line":192,"column":55},"end":{"line":192,"column":79}}],"line":192},"20":{"loc":{"start":{"line":194,"column":22},"end":{"line":194,"column":61}},"type":"binary-expr","locations":[{"start":{"line":194,"column":22},"end":{"line":194,"column":33}},{"start":{"line":194,"column":37},"end":{"line":194,"column":61}}],"line":194},"21":{"loc":{"start":{"line":202,"column":7},"end":{"line":228,"column":7}},"type":"binary-expr","locations":[{"start":{"line":202,"column":7},"end":{"line":202,"column":19}},{"start":{"line":203,"column":8},"end":{"line":227,"column":11}}],"line":202},"22":{"loc":{"start":{"line":240,"column":25},"end":{"line":240,"column":73}},"type":"cond-expr","locations":[{"start":{"line":240,"column":60},"end":{"line":240,"column":68}},{"start":{"line":240,"column":71},"end":{"line":240,"column":73}}],"line":240},"23":{"loc":{"start":{"line":242,"column":15},"end":{"line":242,"column":40}},"type":"binary-expr","locations":[{"start":{"line":242,"column":15},"end":{"line":242,"column":26}},{"start":{"line":242,"column":30},"end":{"line":242,"column":40}}],"line":242},"24":{"loc":{"start":{"line":251,"column":11},"end":{"line":251,"column":40}},"type":"binary-expr","locations":[{"start":{"line":251,"column":11},"end":{"line":251,"column":31}},{"start":{"line":251,"column":35},"end":{"line":251,"column":40}}],"line":251},"25":{"loc":{"start":{"line":253,"column":11},"end":{"line":257,"column":11}},"type":"binary-expr","locations":[{"start":{"line":253,"column":11},"end":{"line":253,"column":42}},{"start":{"line":254,"column":12},"end":{"line":256,"column":21}}],"line":253},"26":{"loc":{"start":{"line":262,"column":58},"end":{"line":262,"column":98}},"type":"cond-expr","locations":[{"start":{"line":262,"column":83},"end":{"line":262,"column":87}},{"start":{"line":262,"column":90},"end":{"line":262,"column":98}}],"line":262},"27":{"loc":{"start":{"line":263,"column":45},"end":{"line":263,"column":107}},"type":"binary-expr","locations":[{"start":{"line":263,"column":45},"end":{"line":263,"column":63}},{"start":{"line":263,"column":67},"end":{"line":263,"column":82}},{"start":{"line":263,"column":86},"end":{"line":263,"column":107}}],"line":263},"28":{"loc":{"start":{"line":275,"column":30},"end":{"line":275,"column":64}},"type":"binary-expr","locations":[{"start":{"line":275,"column":30},"end":{"line":275,"column":47}},{"start":{"line":275,"column":51},"end":{"line":275,"column":64}}],"line":275}},"s":{"0":18,"1":18,"2":18,"3":18,"4":18,"5":18,"6":18,"7":18,"8":18,"9":18,"10":18,"11":6,"12":6,"13":6,"14":0,"15":18,"16":6,"17":18,"18":6,"19":0,"20":6,"21":6,"22":0,"23":18,"24":12,"25":6,"26":18,"27":6,"28":0,"29":6,"30":6,"31":6,"32":6,"33":6,"34":6,"35":6,"36":6,"37":0,"38":0,"39":0,"40":6,"41":0,"42":6,"43":0,"44":6,"45":18,"46":0,"47":0,"48":0,"49":0,"50":0,"51":0,"52":18,"53":0,"54":0,"55":0,"56":0,"57":0,"58":0,"59":0,"60":18,"61":0,"62":0,"63":0,"64":0,"65":0,"66":0,"67":0,"68":18,"69":0,"70":0,"71":0,"72":0,"73":0,"74":0,"75":0,"76":0,"77":0,"78":0,"79":0,"80":18,"81":0,"82":0,"83":0,"84":0,"85":0,"86":0,"87":0,"88":0,"89":0,"90":0,"91":0,"92":18,"93":0,"94":0,"95":0,"96":0,"97":0,"98":0,"99":0,"100":0,"101":0,"102":0,"103":0,"104":12,"105":0,"106":0,"107":6,"108":0,"109":0},"f":{"0":18,"1":6,"2":6,"3":0,"4":6,"5":6,"6":6,"7":0,"8":12,"9":6,"10":6,"11":0,"12":0,"13":0,"14":0,"15":0,"16":0,"17":0,"18":0,"19":0,"20":0,"21":0,"22":0,"23":0,"24":0,"25":0,"26":0,"27":0,"28":0,"29":0,"30":0,"31":0,"32":0,"33":0,"34":12,"35":0,"36":0,"37":6,"38":0,"39":0},"b":{"0":[0,6],"1":[6,6],"2":[0,6],"3":[6,6],"4":[0,0],"5":[0,0],"6":[0,0],"7":[0,0],"8":[0,0],"9":[0,0],"10":[0,0],"11":[0,0],"12":[0,0],"13":[18,0],"14":[0,0],"15":[0,0],"16":[0,0],"17":[0,0],"18":[0,0],"19":[0,0],"20":[0,0],"21":[18,0],"22":[12,0],"23":[12,0],"24":[18,6],"25":[18,12],"26":[6,0],"27":[6,0,0],"28":[0,0]},"_coverageSchema":"1a1c01bbd47fc00a2c39e90264f33305004495a9","hash":"726acfcec12bf66fa950a33a0c775bb9aac75bf9"}
}
