TN:
SF:src/ClimbPage.jsx
FN:9,ClimbPage
FN:17,(anonymous_1)
FN:29,(anonymous_2)
FN:35,(anonymous_3)
FN:41,(anonymous_4)
FN:47,(anonymous_5)
FNF:6
FNH:4
FNDA:6,ClimbPage
FNDA:2,(anonymous_1)
FNDA:0,(anonymous_2)
FNDA:1,(anonymous_3)
FNDA:1,(anonymous_4)
FNDA:0,(anonymous_5)
DA:10,6
DA:11,6
DA:13,6
DA:14,1
DA:17,5
DA:18,2
DA:21,5
DA:29,0
DA:35,1
DA:41,1
DA:47,0
LF:11
LH:9
BRDA:13,0,0,1
BRDA:13,0,1,5
BRDA:22,1,0,5
BRDA:22,1,1,5
BRDA:28,2,0,3
BRDA:28,2,1,2
BRDA:34,3,0,1
BRDA:34,3,1,4
BRDA:40,4,0,1
BRDA:40,4,1,4
BRDA:46,5,0,0
BRDA:46,5,1,5
BRDA:54,6,0,5
BRDA:54,6,1,3
BRDA:57,7,0,5
BRDA:57,7,1,1
BRDA:60,8,0,5
BRDA:60,8,1,1
BRF:18
BRH:17
end_of_record
TN:
SF:src/components/GoalSubmission.jsx
FN:5,(anonymous_0)
FN:10,(anonymous_1)
FN:38,(anonymous_2)
FN:48,(anonymous_3)
FN:58,(anonymous_4)
FNF:5
FNH:5
FNDA:6,(anonymous_0)
FNDA:1,(anonymous_1)
FNDA:1,(anonymous_2)
FNDA:1,(anonymous_3)
FNDA:1,(anonymous_4)
DA:5,1
DA:6,6
DA:7,6
DA:8,6
DA:10,6
DA:11,1
DA:12,1
DA:13,1
DA:19,1
DA:20,1
DA:21,1
DA:22,1
DA:24,0
DA:28,6
DA:38,1
DA:48,1
DA:58,1
LF:17
LH:16
BRF:0
BRH:0
end_of_record
TN:
SF:src/components/PostPerformance.jsx
FN:7,PostPerformance
FN:13,(anonymous_1)
FN:27,(anonymous_2)
FN:28,(anonymous_3)
FN:40,(anonymous_4)
FN:52,(anonymous_5)
FN:64,(anonymous_6)
FN:75,(anonymous_7)
FN:105,(anonymous_8)
FN:115,(anonymous_9)
FN:153,(anonymous_10)
FN:166,(anonymous_11)
FNF:12
FNH:10
FNDA:7,PostPerformance
FNDA:3,(anonymous_1)
FNDA:2,(anonymous_2)
FNDA:2,(anonymous_3)
FNDA:2,(anonymous_4)
FNDA:2,(anonymous_5)
FNDA:2,(anonymous_6)
FNDA:2,(anonymous_7)
FNDA:0,(anonymous_8)
FNDA:0,(anonymous_9)
FNDA:11,(anonymous_10)
FNDA:1,(anonymous_11)
DA:8,7
DA:9,7
DA:10,7
DA:11,7
DA:12,7
DA:13,7
DA:14,3
DA:15,3
DA:16,3
DA:17,3
DA:18,3
DA:20,0
DA:23,0
DA:27,7
DA:28,2
DA:29,2
DA:30,2
DA:31,2
DA:32,2
DA:33,2
DA:36,0
DA:40,2
DA:41,2
DA:42,2
DA:43,2
DA:44,2
DA:45,2
DA:48,0
DA:52,2
DA:53,2
DA:54,2
DA:55,2
DA:56,2
DA:57,2
DA:60,0
DA:64,2
DA:65,2
DA:66,2
DA:67,2
DA:68,2
DA:71,2
DA:75,7
DA:76,2
DA:78,1
DA:79,1
DA:90,1
DA:91,1
DA:92,1
DA:93,1
DA:96,1
DA:98,0
DA:101,0
DA:105,7
DA:106,0
DA:107,0
DA:108,0
DA:112,0
DA:113,0
DA:114,0
DA:115,0
DA:117,0
DA:120,0
DA:124,7
DA:154,11
DA:166,1
LF:65
LH:49
BRDA:16,0,0,3
BRDA:16,0,1,0
BRDA:31,1,0,2
BRDA:31,1,1,0
BRDA:43,2,0,2
BRDA:43,2,1,0
BRDA:55,3,0,2
BRDA:55,3,1,0
BRDA:76,4,0,1
BRDA:76,4,1,1
BRDA:90,5,0,1
BRDA:90,5,1,0
BRDA:107,6,0,0
BRDA:107,6,1,0
BRDA:112,7,0,0
BRDA:112,7,1,0
BRDA:113,8,0,0
BRDA:113,8,1,0
BRDA:115,9,0,0
BRDA:115,9,1,0
BRDA:128,10,0,5
BRDA:128,10,1,2
BRDA:144,11,0,5
BRDA:144,11,1,2
BRDA:151,12,0,5
BRDA:151,12,1,2
BRF:26
BRH:13
end_of_record
TN:
SF:src/components/RouteForm.jsx
FN:7,(anonymous_0)
FN:18,(anonymous_1)
FN:31,(anonymous_2)
FN:38,(anonymous_3)
FN:50,(anonymous_4)
FN:59,(anonymous_5)
FN:62,(anonymous_6)
FN:65,(anonymous_7)
FN:70,(anonymous_8)
FN:96,(anonymous_9)
FN:108,(anonymous_10)
FNF:11
FNH:8
FNDA:11,(anonymous_0)
FNDA:5,(anonymous_1)
FNDA:3,(anonymous_2)
FNDA:1,(anonymous_3)
FNDA:1,(anonymous_4)
FNDA:1,(anonymous_5)
FNDA:0,(anonymous_6)
FNDA:0,(anonymous_7)
FNDA:0,(anonymous_8)
FNDA:198,(anonymous_9)
FNDA:66,(anonymous_10)
DA:7,2
DA:8,11
DA:16,11
DA:18,11
DA:19,5
DA:20,2
DA:31,11
DA:32,3
DA:38,11
DA:39,1
DA:42,1
DA:49,1
DA:51,1
DA:52,1
DA:54,1
DA:60,1
DA:61,1
DA:62,1
DA:63,1
DA:66,0
DA:67,0
DA:71,0
DA:75,11
DA:97,198
DA:109,66
LF:25
LH:22
BRDA:19,0,0,2
BRDA:19,0,1,3
BRDA:42,1,0,0
BRDA:42,1,1,1
BRDA:63,2,0,1
BRDA:63,2,1,0
BRDA:122,3,0,4
BRDA:122,3,1,7
BRDA:126,4,0,11
BRDA:126,4,1,1
BRF:10
BRH:8
end_of_record
TN:
SF:src/components/RouteHistory.jsx
FN:9,(anonymous_0)
FN:13,(anonymous_1)
FN:19,(anonymous_2)
FN:22,(anonymous_3)
FN:27,(anonymous_4)
FN:32,(anonymous_5)
FN:33,(anonymous_6)
FN:35,(anonymous_7)
FN:40,(anonymous_8)
FN:44,(anonymous_9)
FN:50,(anonymous_10)
FN:53,(anonymous_11)
FN:72,(anonymous_12)
FN:73,(anonymous_13)
FN:83,(anonymous_14)
FN:88,(anonymous_15)
FNF:16
FNH:5
FNDA:2,(anonymous_0)
FNDA:1,(anonymous_1)
FNDA:1,(anonymous_2)
FNDA:0,(anonymous_3)
FNDA:0,(anonymous_4)
FNDA:0,(anonymous_5)
FNDA:0,(anonymous_6)
FNDA:0,(anonymous_7)
FNDA:0,(anonymous_8)
FNDA:0,(anonymous_9)
FNDA:0,(anonymous_10)
FNDA:0,(anonymous_11)
FNDA:1,(anonymous_12)
FNDA:2,(anonymous_13)
FNDA:0,(anonymous_14)
FNDA:0,(anonymous_15)
DA:9,1
DA:10,2
DA:11,2
DA:13,2
DA:15,1
DA:20,1
DA:23,0
DA:27,2
DA:28,0
DA:33,0
DA:36,0
DA:40,2
DA:41,0
DA:44,2
DA:45,0
DA:46,0
DA:51,0
DA:54,0
DA:58,2
DA:72,1
DA:74,2
DA:83,0
DA:88,0
LF:23
LH:12
BRDA:96,0,0,2
BRDA:96,0,1,0
BRF:2
BRH:1
end_of_record
TN:
SF:src/components/cotation.js
FN:24,(anonymous_0)
FNF:1
FNH:1
FNDA:54,(anonymous_0)
DA:1,3
DA:23,3
DA:24,54
LF:3
LH:3
BRF:0
BRH:0
end_of_record
TN:
SF:src/components/typeOfRoute.js
FNF:0
FNH:0
DA:1,2
LF:1
LH:1
BRF:0
BRH:0
end_of_record
TN:
SF:src/views/Home.jsx
FN:6,Home
FN:9,(anonymous_1)
FN:12,(anonymous_2)
FN:16,(anonymous_3)
FN:24,(anonymous_4)
FNF:5
FNH:5
FNDA:3,Home
FNDA:2,(anonymous_1)
FNDA:1,(anonymous_2)
FNDA:1,(anonymous_3)
FNDA:2,(anonymous_4)
DA:7,3
DA:9,3
DA:10,2
DA:13,1
DA:14,1
DA:17,1
DA:21,3
DA:25,2
LF:8
LH:8
BRDA:24,0,0,3
BRDA:24,0,1,3
BRF:2
BRH:2
end_of_record
TN:
SF:src/views/Message.jsx
FN:5,Message
FN:18,(anonymous_1)
FN:20,(anonymous_2)
FN:24,(anonymous_3)
FN:27,(anonymous_4)
FN:30,(anonymous_5)
FN:33,(anonymous_6)
FN:34,(anonymous_7)
FN:37,(anonymous_8)
FN:40,(anonymous_9)
FN:43,(anonymous_10)
FN:52,(anonymous_11)
FN:53,(anonymous_12)
FN:62,(anonymous_13)
FN:70,(anonymous_14)
FN:72,(anonymous_15)
FN:73,(anonymous_16)
FN:74,(anonymous_17)
FN:82,(anonymous_18)
FN:87,(anonymous_19)
FN:88,(anonymous_20)
FN:101,(anonymous_21)
FN:121,(anonymous_22)
FN:145,(anonymous_23)
FN:171,(anonymous_24)
FN:176,(anonymous_25)
FN:176,(anonymous_26)
FN:182,(anonymous_27)
FN:184,(anonymous_28)
FN:185,(anonymous_29)
FN:204,(anonymous_30)
FN:208,(anonymous_31)
FN:217,(anonymous_32)
FN:234,(anonymous_33)
FN:238,(anonymous_34)
FN:241,(anonymous_35)
FN:254,(anonymous_36)
FN:261,(anonymous_37)
FN:274,(anonymous_38)
FN:275,(anonymous_39)
FNF:40
FNH:11
FNDA:18,Message
FNDA:6,(anonymous_1)
FNDA:6,(anonymous_2)
FNDA:0,(anonymous_3)
FNDA:6,(anonymous_4)
FNDA:6,(anonymous_5)
FNDA:6,(anonymous_6)
FNDA:0,(anonymous_7)
FNDA:12,(anonymous_8)
FNDA:6,(anonymous_9)
FNDA:6,(anonymous_10)
FNDA:0,(anonymous_11)
FNDA:0,(anonymous_12)
FNDA:0,(anonymous_13)
FNDA:0,(anonymous_14)
FNDA:0,(anonymous_15)
FNDA:0,(anonymous_16)
FNDA:0,(anonymous_17)
FNDA:0,(anonymous_18)
FNDA:0,(anonymous_19)
FNDA:0,(anonymous_20)
FNDA:0,(anonymous_21)
FNDA:0,(anonymous_22)
FNDA:0,(anonymous_23)
FNDA:0,(anonymous_24)
FNDA:0,(anonymous_25)
FNDA:0,(anonymous_26)
FNDA:0,(anonymous_27)
FNDA:0,(anonymous_28)
FNDA:0,(anonymous_29)
FNDA:0,(anonymous_30)
FNDA:0,(anonymous_31)
FNDA:0,(anonymous_32)
FNDA:0,(anonymous_33)
FNDA:12,(anonymous_34)
FNDA:0,(anonymous_35)
FNDA:0,(anonymous_36)
FNDA:6,(anonymous_37)
FNDA:0,(anonymous_38)
FNDA:0,(anonymous_39)
DA:6,18
DA:7,18
DA:8,18
DA:9,18
DA:10,18
DA:11,18
DA:12,18
DA:13,18
DA:14,18
DA:15,18
DA:18,18
DA:19,6
DA:21,6
DA:22,6
DA:24,0
DA:27,18
DA:30,18
DA:31,6
DA:32,6
DA:33,6
DA:34,0
DA:37,18
DA:40,18
DA:41,6
DA:43,6
DA:44,6
DA:45,6
DA:46,6
DA:48,6
DA:49,6
DA:50,6
DA:52,6
DA:53,0
DA:54,0
DA:62,6
DA:63,6
DA:64,0
DA:67,6
DA:70,18
DA:71,0
DA:72,0
DA:73,0
DA:74,0
DA:78,0
DA:82,18
DA:83,0
DA:84,0
DA:87,0
DA:88,0
DA:94,0
DA:95,0
DA:97,0
DA:101,18
DA:102,0
DA:104,0
DA:105,0
DA:114,0
DA:115,0
DA:117,0
DA:121,18
DA:122,0
DA:123,0
DA:124,0
DA:127,0
DA:128,0
DA:133,0
DA:134,0
DA:135,0
DA:138,0
DA:140,0
DA:141,0
DA:145,18
DA:146,0
DA:147,0
DA:149,0
DA:150,0
DA:154,0
DA:155,0
DA:156,0
DA:157,0
DA:159,0
DA:160,0
DA:164,18
DA:171,0
DA:176,0
DA:183,0
DA:184,0
DA:185,0
DA:204,0
DA:208,0
DA:217,0
DA:234,0
DA:239,12
DA:241,0
DA:254,0
DA:262,6
DA:274,0
DA:275,0
LF:98
LH:41
BRDA:31,0,0,0
BRDA:31,0,1,6
BRDA:37,1,0,6
BRDA:37,1,1,6
BRDA:41,2,0,0
BRDA:41,2,1,6
BRDA:50,3,0,6
BRDA:50,3,1,6
BRDA:53,4,0,0
BRDA:53,4,1,0
BRDA:58,5,0,0
BRDA:58,5,1,0
BRDA:71,6,0,0
BRDA:71,6,1,0
BRDA:73,7,0,0
BRDA:73,7,1,0
BRDA:90,8,0,0
BRDA:90,8,1,0
BRDA:102,9,0,0
BRDA:102,9,1,0
BRDA:102,10,0,0
BRDA:102,10,1,0
BRDA:122,11,0,0
BRDA:122,11,1,0
BRDA:147,12,0,0
BRDA:147,12,1,0
BRDA:168,13,0,18
BRDA:168,13,1,0
BRDA:169,14,0,0
BRDA:169,14,1,0
BRDA:175,15,0,0
BRDA:175,15,1,0
BRDA:177,16,0,0
BRDA:177,16,1,0
BRDA:184,17,0,0
BRDA:184,17,1,0
BRDA:192,18,0,0
BRDA:192,18,1,0
BRDA:192,19,0,0
BRDA:192,19,1,0
BRDA:194,20,0,0
BRDA:194,20,1,0
BRDA:202,21,0,18
BRDA:202,21,1,0
BRDA:240,22,0,12
BRDA:240,22,1,0
BRDA:242,23,0,12
BRDA:242,23,1,0
BRDA:251,24,0,18
BRDA:251,24,1,6
BRDA:253,25,0,18
BRDA:253,25,1,12
BRDA:262,26,0,6
BRDA:262,26,1,0
BRDA:263,27,0,6
BRDA:263,27,1,0
BRDA:263,27,2,0
BRDA:275,28,0,0
BRDA:275,28,1,0
BRF:59
BRH:16
end_of_record
